format for INFO: 2024-04-02 22:54:28,238 INFO autoreload C:\Users\denzo\PycharmProjects\project_NewsPortal\NewsPaper D3\NewsPaper\settings.py changed, reloading.
format for INFO: 2024-04-02 22:54:28,790 INFO autoreload Watching for file changes with StatReloader
format for INFO: 2024-04-02 22:55:44,985 INFO autoreload C:\Users\denzo\PycharmProjects\project_NewsPortal\NewsPaper D3\NewsPaper\settings.py changed, reloading.
format for INFO: 2024-04-03 00:28:18,037 INFO autoreload Watching for file changes with StatReloader
format for INFO: 2024-04-03 00:31:10,253 WARNING log Forbidden (Permission denied): /news/article/2/edit/
Traceback (most recent call last):
  File "C:\Users\denzo\venv\Lib\site-packages\django\core\handlers\exception.py", line 55, in inner
    response = get_response(request)
               ^^^^^^^^^^^^^^^^^^^^^
  File "C:\Users\denzo\venv\Lib\site-packages\django\core\handlers\base.py", line 197, in _get_response
    response = wrapped_callback(request, *callback_args, **callback_kwargs)
               ^^^^^^^^^^^^^^^^^^^^^^^^^^^^^^^^^^^^^^^^^^^^^^^^^^^^^^^^^^^^
  File "C:\Users\denzo\venv\Lib\site-packages\django\views\generic\base.py", line 104, in view
    return self.dispatch(request, *args, **kwargs)
           ^^^^^^^^^^^^^^^^^^^^^^^^^^^^^^^^^^^^^^^
  File "C:\Users\denzo\venv\Lib\site-packages\django\contrib\auth\mixins.py", line 108, in dispatch
    return self.handle_no_permission()
           ^^^^^^^^^^^^^^^^^^^^^^^^^^^
  File "C:\Users\denzo\venv\Lib\site-packages\django\contrib\auth\mixins.py", line 48, in handle_no_permission
    raise PermissionDenied(self.get_permission_denied_message())
django.core.exceptions.PermissionDenied
format for INFO: 2024-04-03 00:31:10,266 WARNING basehttp "GET /news/article/2/edit/ HTTP/1.1" 403 218
format for INFO: 2024-04-03 00:33:09,039 INFO basehttp "GET /admin/ HTTP/1.1" 302 0
format for INFO: 2024-04-03 00:33:09,123 INFO basehttp "GET /admin/login/?next=/admin/ HTTP/1.1" 200 4284
format for INFO: 2024-04-03 00:33:09,245 INFO basehttp "GET /static/admin/css/base.css HTTP/1.1" 200 21544
format for INFO: 2024-04-03 00:33:09,254 INFO basehttp "GET /static/admin/css/responsive.css HTTP/1.1" 200 17905
format for INFO: 2024-04-03 00:33:09,255 INFO basehttp "GET /static/admin/css/login.css HTTP/1.1" 200 958
format for INFO: 2024-04-03 00:33:09,255 INFO basehttp "GET /static/admin/css/nav_sidebar.css HTTP/1.1" 200 2810
format for INFO: 2024-04-03 00:33:09,255 INFO basehttp "GET /static/admin/css/dark_mode.css HTTP/1.1" 200 2682
format for INFO: 2024-04-03 00:33:09,276 INFO basehttp "GET /static/admin/js/theme.js HTTP/1.1" 200 1943
format for INFO: 2024-04-03 00:33:09,276 INFO basehttp "GET /static/admin/img/icon-yes.svg HTTP/1.1" 200 436
format for INFO: 2024-04-03 00:33:09,277 INFO basehttp "GET /static/admin/js/nav_sidebar.js HTTP/1.1" 200 3063
format for INFO: 2024-04-03 00:33:49,453 INFO basehttp "POST /admin/login/?next=/admin/ HTTP/1.1" 200 4320
format for INFO: 2024-04-03 00:34:32,958 INFO basehttp "POST /admin/login/?next=/admin/ HTTP/1.1" 302 0
format for INFO: 2024-04-03 00:34:32,994 INFO basehttp "GET /admin/ HTTP/1.1" 200 16848
format for INFO: 2024-04-03 00:34:33,036 INFO basehttp "GET /static/admin/css/dashboard.css HTTP/1.1" 200 441
format for INFO: 2024-04-03 00:34:33,054 INFO basehttp "GET /static/admin/img/icon-addlink.svg HTTP/1.1" 200 331
format for INFO: 2024-04-03 00:34:33,054 INFO basehttp "GET /static/admin/img/icon-changelink.svg HTTP/1.1" 200 380
format for INFO: 2024-04-03 00:55:23,281 INFO autoreload C:\Users\denzo\PycharmProjects\project_NewsPortal\NewsPaper D3\NewsPaper\settings.py changed, reloading.
format for INFO: 2024-04-03 00:55:24,253 INFO autoreload Watching for file changes with StatReloader
format for INFO: 2024-04-03 00:58:11,039 INFO basehttp "GET /accounts/signup/ HTTP/1.1" 302 0
format for INFO: 2024-04-03 00:58:11,103 INFO basehttp "GET /news/ HTTP/1.1" 200 9735
format for INFO: 2024-04-03 00:58:22,919 WARNING log Not Found: /accounts/
format for INFO: 2024-04-03 00:58:22,920 WARNING basehttp "GET /accounts/ HTTP/1.1" 404 6176
format for INFO: 2024-04-03 00:58:46,554 INFO basehttp "GET /accounts/logout/ HTTP/1.1" 200 1203
format for INFO: 2024-04-03 00:58:55,544 INFO basehttp "POST /accounts/logout/ HTTP/1.1" 302 0
format for INFO: 2024-04-03 00:58:55,558 WARNING log Not Found: /
format for INFO: 2024-04-03 00:58:55,559 WARNING basehttp "GET / HTTP/1.1" 404 2382
format for INFO: 2024-04-03 00:58:59,117 INFO basehttp "GET /news/ HTTP/1.1" 200 9735
format for INFO: 2024-04-03 00:59:04,777 WARNING log Forbidden (Permission denied): /news/article/33/edit/
Traceback (most recent call last):
  File "C:\Users\denzo\venv\Lib\site-packages\django\core\handlers\exception.py", line 55, in inner
    response = get_response(request)
               ^^^^^^^^^^^^^^^^^^^^^
  File "C:\Users\denzo\venv\Lib\site-packages\django\core\handlers\base.py", line 197, in _get_response
    response = wrapped_callback(request, *callback_args, **callback_kwargs)
               ^^^^^^^^^^^^^^^^^^^^^^^^^^^^^^^^^^^^^^^^^^^^^^^^^^^^^^^^^^^^
  File "C:\Users\denzo\venv\Lib\site-packages\django\views\generic\base.py", line 104, in view
    return self.dispatch(request, *args, **kwargs)
           ^^^^^^^^^^^^^^^^^^^^^^^^^^^^^^^^^^^^^^^
  File "C:\Users\denzo\venv\Lib\site-packages\django\contrib\auth\mixins.py", line 108, in dispatch
    return self.handle_no_permission()
           ^^^^^^^^^^^^^^^^^^^^^^^^^^^
  File "C:\Users\denzo\venv\Lib\site-packages\django\contrib\auth\mixins.py", line 48, in handle_no_permission
    raise PermissionDenied(self.get_permission_denied_message())
django.core.exceptions.PermissionDenied
format for INFO: 2024-04-03 00:59:04,780 WARNING basehttp "GET /news/article/33/edit/ HTTP/1.1" 403 218
format for INFO: 2024-04-03 01:00:22,403 INFO autoreload C:\Users\denzo\PycharmProjects\project_NewsPortal\NewsPaper D3\NewsPaper\settings.py changed, reloading.
format for INFO: 2024-04-03 01:00:50,229 INFO autoreload Watching for file changes with StatReloader
format for INFO: 2024-04-03 01:05:05,798 INFO basehttp "GET /news/ HTTP/1.1" 200 7419
format for INFO: 2024-04-03 01:07:19,265 ERROR log Internal Server Error: /news/
Traceback (most recent call last):
  File "C:\Users\denzo\venv\Lib\site-packages\django\core\handlers\exception.py", line 55, in inner
    response = get_response(request)
               ^^^^^^^^^^^^^^^^^^^^^
  File "C:\Users\denzo\venv\Lib\site-packages\django\core\handlers\base.py", line 220, in _get_response
    response = response.render()
               ^^^^^^^^^^^^^^^^^
  File "C:\Users\denzo\venv\Lib\site-packages\django\template\response.py", line 114, in render
    self.content = self.rendered_content
                   ^^^^^^^^^^^^^^^^^^^^^
  File "C:\Users\denzo\venv\Lib\site-packages\django\template\response.py", line 90, in rendered_content
    template = self.resolve_template(self.template_name)
               ^^^^^^^^^^^^^^^^^^^^^^^^^^^^^^^^^^^^^^^^^
  File "C:\Users\denzo\venv\Lib\site-packages\django\template\response.py", line 72, in resolve_template
    return select_template(template, using=self.using)
           ^^^^^^^^^^^^^^^^^^^^^^^^^^^^^^^^^^^^^^^^^^^
  File "C:\Users\denzo\venv\Lib\site-packages\django\template\loader.py", line 47, in select_template
    raise TemplateDoesNotExist(", ".join(template_name_list), chain=chain)
django.template.exceptions.TemplateDoesNotExist: posts.html, news/post_list.html
format for INFO: 2024-04-03 01:07:19,315 ERROR basehttp "GET /news/ HTTP/1.1" 500 89636
format for INFO: 2024-04-03 01:10:22,322 INFO autoreload Watching for file changes with StatReloader
format for INFO: 2024-04-03 01:10:26,333 ERROR log Internal Server Error: /news/
Traceback (most recent call last):
  File "C:\Users\denzo\venv\Lib\site-packages\django\core\handlers\exception.py", line 55, in inner
    response = get_response(request)
               ^^^^^^^^^^^^^^^^^^^^^
  File "C:\Users\denzo\venv\Lib\site-packages\django\core\handlers\base.py", line 220, in _get_response
    response = response.render()
               ^^^^^^^^^^^^^^^^^
  File "C:\Users\denzo\venv\Lib\site-packages\django\template\response.py", line 114, in render
    self.content = self.rendered_content
                   ^^^^^^^^^^^^^^^^^^^^^
  File "C:\Users\denzo\venv\Lib\site-packages\django\template\response.py", line 90, in rendered_content
    template = self.resolve_template(self.template_name)
               ^^^^^^^^^^^^^^^^^^^^^^^^^^^^^^^^^^^^^^^^^
  File "C:\Users\denzo\venv\Lib\site-packages\django\template\response.py", line 72, in resolve_template
    return select_template(template, using=self.using)
           ^^^^^^^^^^^^^^^^^^^^^^^^^^^^^^^^^^^^^^^^^^^
  File "C:\Users\denzo\venv\Lib\site-packages\django\template\loader.py", line 47, in select_template
    raise TemplateDoesNotExist(", ".join(template_name_list), chain=chain)
django.template.exceptions.TemplateDoesNotExist: posts.html, news/post_list.html
format for INFO: 2024-04-03 01:10:26,376 ERROR basehttp "GET /news/ HTTP/1.1" 500 89636
format for INFO: 2024-04-03 01:13:55,773 INFO basehttp "GET /news/ HTTP/1.1" 200 7419
format for INFO: 2024-04-03 01:16:57,224 INFO autoreload C:\Users\denzo\PycharmProjects\project_NewsPortal\NewsPaper D3\NewsPaper\settings.py changed, reloading.
format for INFO: 2024-04-03 01:21:26,836 INFO autoreload Watching for file changes with StatReloader
format for INFO: 2024-04-03 01:22:25,352 INFO autoreload C:\Users\denzo\PycharmProjects\project_NewsPortal\NewsPaper D3\NewsPaper\settings.py changed, reloading.
format for INFO: 2024-04-03 01:22:25,936 INFO autoreload Watching for file changes with StatReloader
format for INFO: 2024-04-03 01:25:09,998 INFO autoreload C:\Users\denzo\PycharmProjects\project_NewsPortal\NewsPaper D3\NewsPaper\settings.py changed, reloading.
format for INFO: 2024-04-03 01:25:10,602 INFO autoreload Watching for file changes with StatReloader
format for INFO: 2024-04-03 01:28:12,528 INFO autoreload C:\Users\denzo\PycharmProjects\project_NewsPortal\NewsPaper D3\NewsPaper\settings.py changed, reloading.
